[ 2025-02-16 10:24:45,940 ] 1025 httpx - INFO - HTTP Request: GET https://dagshub.com/api/v1/user "HTTP/1.1 200 OK"
[ 2025-02-16 10:24:45,947 ] 107 dagshub - INFO - Accessing as Divyanshu-Mathur
[ 2025-02-16 10:24:46,531 ] 1025 httpx - INFO - HTTP Request: GET https://dagshub.com/api/v1/repos/Divyanshu-Mathur/Phish_Detect "HTTP/1.1 200 OK"
[ 2025-02-16 10:24:47,169 ] 1025 httpx - INFO - HTTP Request: GET https://dagshub.com/api/v1/user "HTTP/1.1 200 OK"
[ 2025-02-16 10:24:47,174 ] 107 dagshub - INFO - Initialized MLflow to track repo "Divyanshu-Mathur/Phish_Detect"
[ 2025-02-16 10:24:47,176 ] 107 dagshub - INFO - Repository Divyanshu-Mathur/Phish_Detect initialized!
[ 2025-02-16 10:24:47,176 ] 20 root - INFO - Started data Ingestion
[ 2025-02-16 10:24:47,344 ] 96 pymongo.serverSelection - INFO - {"message": "Waiting for suitable server to become available", "selector": "Primary()", "operation": "find", "topologyDescription": "<TopologyDescription id: 67b16f975946a08e21c222b1, topology_type: ReplicaSetNoPrimary, servers: [<ServerDescription ('cluster0-shard-00-00.78hnf.mongodb.net', 27017) server_type: Unknown, rtt: None>, <ServerDescription ('cluster0-shard-00-01.78hnf.mongodb.net', 27017) server_type: Unknown, rtt: None>, <ServerDescription ('cluster0-shard-00-02.78hnf.mongodb.net', 27017) server_type: Unknown, rtt: None>]>", "clientId": {"$oid": "67b16f975946a08e21c222b1"}, "remainingTimeMS": 29}
[ 2025-02-16 10:24:53,773 ] 61 root - INFO - Performed train test split on the dataframe
[ 2025-02-16 10:24:53,773 ] 63 root - INFO - Exited split_data_as_train_test method of Data_Ingestion class
[ 2025-02-16 10:24:53,774 ] 71 root - INFO - Exporting train and test file path.
[ 2025-02-16 10:24:53,817 ] 80 root - INFO - Exported train and test file path.
[ 2025-02-16 10:24:53,817 ] 22 root - INFO - Data ingestion Completed 
[ 2025-02-16 10:24:53,822 ] 26 root - INFO - Data Validation initiated
[ 2025-02-16 10:24:53,851 ] 32 root - INFO - Required number of columns:2
[ 2025-02-16 10:24:53,852 ] 33 root - INFO - Data frame has columns:31
[ 2025-02-16 10:24:53,852 ] 32 root - INFO - Required number of columns:2
[ 2025-02-16 10:24:53,852 ] 33 root - INFO - Data frame has columns:31
[ 2025-02-16 10:24:53,982 ] 28 root - INFO - Data Validation Completed
[ 2025-02-16 10:24:53,983 ] 31 root - INFO - data Transformation started
[ 2025-02-16 10:24:53,983 ] 36 root - INFO - Entered initiate_data_transformation method of DataTransformation class
[ 2025-02-16 10:24:53,983 ] 38 root - INFO - Starting data transformation
[ 2025-02-16 10:24:54,003 ] 26 root - INFO - Initialise KNNImputer with {'missing_values': nan, 'n_neighbors': 3, 'weights': 'uniform'}
[ 2025-02-16 10:24:54,026 ] 35 root - INFO - data Transformation completed
[ 2025-02-16 10:24:54,026 ] 36 root - INFO - Model Training sstared
[ 2025-02-16 10:29:23,843 ] 98 root - INFO - Best model is Random Forest
[ 2025-02-16 10:29:23,843 ] 99 root - INFO - Best score is 0.9742198100407056
[ 2025-02-16 10:30:02,910 ] 121 root - INFO - Model trainer artifact: ModelTrainerArtifact(trained_model_file_path='Artifacts\\02_16_2025_10_24_41\\model_trainer\\trained_model\\model.pkl', train_metric_artifact=ClassificationMetricArtifact(f1_score=0.9910327455919395, precision_score=0.9893381613357474, recall_score=0.9927331449333872), test_metric_artifact=ClassificationMetricArtifact(f1_score=0.9763583575279967, precision_score=0.9743377483443708, recall_score=0.9783873649210307))
[ 2025-02-16 10:30:02,914 ] 41 root - INFO - Model Training artifact created
